<?xml version="1.0" encoding="UTF-8"?>
<!-- Generated by org.testng.reporters.JUnitReportReporter -->
<testsuite hostname="PratikSingh" failures="0" tests="3" name="testRunner.TestNGTestRunner" time="15.767" errors="0" timestamp="2025-08-12T14:56:01 IST" skipped="0">
  <testcase classname="testRunner.TestNGTestRunner" name="runScenario" time="4.672"/>
  <system-out/>
  <testcase classname="testRunner.TestNGTestRunner" name="runScenario" time="4.028"/>
  <system-out/>
  <testcase classname="testRunner.TestNGTestRunner" name="runScenario" time="7.067"/>
  <system-out/>
</testsuite> <!-- testRunner.TestNGTestRunner -->
