<?xml version="1.0" encoding="UTF-8"?>
<!-- Generated by org.testng.reporters.JUnitReportReporter -->
<testsuite hostname="PratikSingh" failures="0" tests="14" name="testRunner.TestNGTestRunner" time="216.819" errors="0" timestamp="2025-08-29T17:35:39 IST" skipped="0">
  <testcase classname="testRunner.TestNGTestRunner" name="runScenario" time="7.590"/>
  <system-out/>
  <testcase classname="testRunner.TestNGTestRunner" name="runScenario" time="17.087"/>
  <system-out/>
  <testcase classname="testRunner.TestNGTestRunner" name="runScenario" time="20.200"/>
  <system-out/>
  <testcase classname="testRunner.TestNGTestRunner" name="runScenario" time="9.281"/>
  <system-out/>
  <testcase classname="testRunner.TestNGTestRunner" name="runScenario" time="12.202"/>
  <system-out/>
  <testcase classname="testRunner.TestNGTestRunner" name="runScenario" time="19.043"/>
  <system-out/>
  <testcase classname="testRunner.TestNGTestRunner" name="runScenario" time="15.969"/>
  <system-out/>
  <testcase classname="testRunner.TestNGTestRunner" name="runScenario" time="17.620"/>
  <system-out/>
  <testcase classname="testRunner.TestNGTestRunner" name="runScenario" time="14.711"/>
  <system-out/>
  <testcase classname="testRunner.TestNGTestRunner" name="runScenario" time="8.507"/>
  <system-out/>
  <testcase classname="testRunner.TestNGTestRunner" name="runScenario" time="13.174"/>
  <system-out/>
  <testcase classname="testRunner.TestNGTestRunner" name="runScenario" time="12.585"/>
  <system-out/>
  <testcase classname="testRunner.TestNGTestRunner" name="runScenario" time="34.351"/>
  <system-out/>
  <testcase classname="testRunner.TestNGTestRunner" name="runScenario" time="14.499"/>
  <system-out/>
</testsuite> <!-- testRunner.TestNGTestRunner -->
