<?xml version="1.0" encoding="UTF-8"?>
<!-- Generated by org.testng.reporters.JUnitReportReporter -->
<testsuite hostname="PratikSingh" failures="0" tests="3" name="testRunner.TestNGTestRunner" time="17.750" errors="0" timestamp="2025-08-19T12:49:39 IST" skipped="0">
  <testcase classname="testRunner.TestNGTestRunner" name="runScenario" time="8.458"/>
  <system-out/>
  <testcase classname="testRunner.TestNGTestRunner" name="runScenario" time="5.107"/>
  <system-out/>
  <testcase classname="testRunner.TestNGTestRunner" name="runScenario" time="4.185"/>
  <system-out/>
</testsuite> <!-- testRunner.TestNGTestRunner -->
