<?xml version="1.0" encoding="UTF-8"?>
<!-- Generated by org.testng.reporters.JUnitReportReporter -->
<testsuite hostname="PratikSingh" failures="0" tests="12" name="testRunner.TestNGTestRunner" time="137.373" errors="0" timestamp="2025-08-26T14:25:09 IST" skipped="0">
  <testcase classname="testRunner.TestNGTestRunner" name="runScenario" time="7.953"/>
  <system-out/>
  <testcase classname="testRunner.TestNGTestRunner" name="runScenario" time="15.153"/>
  <system-out/>
  <testcase classname="testRunner.TestNGTestRunner" name="runScenario" time="12.884"/>
  <system-out/>
  <testcase classname="testRunner.TestNGTestRunner" name="runScenario" time="11.564"/>
  <system-out/>
  <testcase classname="testRunner.TestNGTestRunner" name="runScenario" time="9.660"/>
  <system-out/>
  <testcase classname="testRunner.TestNGTestRunner" name="runScenario" time="11.905"/>
  <system-out/>
  <testcase classname="testRunner.TestNGTestRunner" name="runScenario" time="18.749"/>
  <system-out/>
  <testcase classname="testRunner.TestNGTestRunner" name="runScenario" time="6.034"/>
  <system-out/>
  <testcase classname="testRunner.TestNGTestRunner" name="runScenario" time="18.531"/>
  <system-out/>
  <testcase classname="testRunner.TestNGTestRunner" name="runScenario" time="9.887"/>
  <system-out/>
  <testcase classname="testRunner.TestNGTestRunner" name="runScenario" time="6.335"/>
  <system-out/>
  <testcase classname="testRunner.TestNGTestRunner" name="runScenario" time="8.718"/>
  <system-out/>
</testsuite> <!-- testRunner.TestNGTestRunner -->
