<?xml version="1.0" encoding="UTF-8"?>
<!-- Generated by org.testng.reporters.JUnitReportReporter -->
<testsuite hostname="PratikSingh" failures="0" tests="3" name="testRunner.TestNGTestRunner" time="23.567" errors="0" timestamp="2025-08-12T16:59:25 IST" skipped="0">
  <testcase classname="testRunner.TestNGTestRunner" name="runScenario" time="7.486"/>
  <system-out/>
  <testcase classname="testRunner.TestNGTestRunner" name="runScenario" time="8.560"/>
  <system-out/>
  <testcase classname="testRunner.TestNGTestRunner" name="runScenario" time="7.521"/>
  <system-out/>
</testsuite> <!-- testRunner.TestNGTestRunner -->
